2023-07-25 19:30:46 ERROR ObjectsEntity:121 - INIT BD FAILED Server2ml
2023-07-25 19:30:46 ERROR ObjectsEntity:81 - INIT BD FAILED LIST OF HOTELS
2023-07-25 19:30:46 DEBUG ObjectsEntity:28 - INIT OF BD IS COMPLETED
2023-07-25 19:30:47 ERROR ObjectsEntity:121 - INIT BD FAILED Server2ml
2023-07-25 19:30:47 ERROR ObjectsEntity:81 - INIT BD FAILED LIST OF HOTELS
2023-07-25 19:30:47 DEBUG ObjectsEntity:28 - INIT OF BD IS COMPLETED
2023-07-25 19:32:37 ERROR ObjectsEntity:121 - INIT BD FAILED Server2ml
2023-07-25 19:32:37 ERROR ObjectsEntity:81 - INIT BD FAILED LIST OF HOTELS
2023-07-25 19:32:37 DEBUG ObjectsEntity:28 - INIT OF BD IS COMPLETED
2023-07-25 19:35:57 DEBUG ObjectsEntity:119 - created ServerToMl list : 107
2023-07-25 19:35:57 DEBUG ObjectsEntity:79 - created listOfHotels list : 144
2023-07-25 19:35:57 DEBUG ObjectsEntity:28 - INIT OF BD IS COMPLETED
2023-07-25 19:35:59 DEBUG ObjectsEntity:119 - created ServerToMl list : 107
2023-07-25 19:35:59 DEBUG ObjectsEntity:79 - created listOfHotels list : 144
2023-07-25 19:35:59 DEBUG ObjectsEntity:28 - INIT OF BD IS COMPLETED
2023-07-25 19:37:22 DEBUG ObjectsEntity:119 - created ServerToMl list : 107
2023-07-25 19:37:22 DEBUG ObjectsEntity:79 - created listOfHotels list : 144
2023-07-25 19:37:22 DEBUG ObjectsEntity:28 - INIT OF BD IS COMPLETED
2023-07-25 19:38:10 DEBUG ObjectsEntity:119 - created ServerToMl list : 107
2023-07-25 19:38:10 DEBUG ObjectsEntity:79 - created listOfHotels list : 144
2023-07-25 19:38:10 DEBUG ObjectsEntity:28 - INIT OF BD IS COMPLETED
2023-07-25 19:38:42 DEBUG ObjectsEntity:119 - created ServerToMl list : 107
2023-07-25 19:38:42 DEBUG ObjectsEntity:79 - created listOfHotels list : 144
2023-07-25 19:38:42 DEBUG ObjectsEntity:28 - INIT OF BD IS COMPLETED
2023-07-25 19:41:59 DEBUG ObjectsEntity:119 - created ServerToMl list : 107
2023-07-25 19:41:59 DEBUG ObjectsEntity:79 - created listOfHotels list : 144
2023-07-25 19:41:59 DEBUG ObjectsEntity:28 - INIT OF BD IS COMPLETED
2023-07-25 20:35:17 DEBUG ObjectsEntity:119 - created ServerToMl list : 107
2023-07-25 20:35:17 DEBUG ObjectsEntity:79 - created listOfHotels list : 144
2023-07-25 20:35:17 DEBUG ObjectsEntity:28 - INIT OF BD IS COMPLETED
2023-07-25 20:36:35 DEBUG ObjectsEntity:119 - created ServerToMl list : 107
2023-07-25 20:36:35 DEBUG ObjectsEntity:79 - created listOfHotels list : 144
2023-07-25 20:36:35 DEBUG ObjectsEntity:28 - INIT OF BD IS COMPLETED
2023-07-25 20:38:17 DEBUG ObjectsEntity:119 - created ServerToMl list : 107
2023-07-25 20:38:17 DEBUG ObjectsEntity:79 - created listOfHotels list : 144
2023-07-25 20:38:17 DEBUG ObjectsEntity:28 - INIT OF BD IS COMPLETED
2023-07-25 20:42:15 DEBUG ObjectsEntity:119 - created ServerToMl list : 107
2023-07-25 20:42:15 DEBUG ObjectsEntity:79 - created listOfHotels list : 144
2023-07-25 20:42:15 DEBUG ObjectsEntity:28 - INIT OF BD IS COMPLETED
2023-07-25 20:43:51 DEBUG ObjectsEntity:119 - created ServerToMl list : 107
2023-07-25 20:43:51 DEBUG ObjectsEntity:79 - created listOfHotels list : 144
2023-07-25 20:43:51 DEBUG ObjectsEntity:28 - INIT OF BD IS COMPLETED
2023-07-25 20:55:40 DEBUG ObjectsEntity:119 - created ServerToMl list : 107
2023-07-25 20:55:40 DEBUG ObjectsEntity:79 - created listOfHotels list : 144
2023-07-25 20:55:40 DEBUG ObjectsEntity:28 - INIT OF BD IS COMPLETED
2023-07-25 20:55:45 DEBUG ObjectsEntity:119 - created ServerToMl list : 107
2023-07-25 20:55:45 DEBUG ObjectsEntity:79 - created listOfHotels list : 144
2023-07-25 20:55:45 DEBUG ObjectsEntity:28 - INIT OF BD IS COMPLETED
2023-07-25 21:03:02 DEBUG ObjectsEntity:119 - created ServerToMl list : 107
2023-07-25 21:03:02 DEBUG ObjectsEntity:79 - created listOfHotels list : 144
2023-07-25 21:03:02 DEBUG ObjectsEntity:28 - INIT OF BD IS COMPLETED
2023-07-25 21:04:14 DEBUG ObjectsEntity:119 - created ServerToMl list : 107
2023-07-25 21:04:14 DEBUG ObjectsEntity:79 - created listOfHotels list : 144
2023-07-25 21:04:14 DEBUG ObjectsEntity:28 - INIT OF BD IS COMPLETED
2023-07-25 21:13:25 DEBUG ObjectsEntity:119 - created ServerToMl list : 107
2023-07-25 21:13:25 DEBUG ObjectsEntity:79 - created listOfHotels list : 144
2023-07-25 21:13:25 DEBUG ObjectsEntity:28 - INIT OF BD IS COMPLETED
2023-07-25 21:14:06 DEBUG ObjectsEntity:119 - created ServerToMl list : 107
2023-07-25 21:14:06 DEBUG ObjectsEntity:79 - created listOfHotels list : 144
2023-07-25 21:14:06 DEBUG ObjectsEntity:28 - INIT OF BD IS COMPLETED
2023-07-25 21:18:58 DEBUG ObjectsEntity:119 - created ServerToMl list : 107
2023-07-25 21:18:58 DEBUG ObjectsEntity:79 - created listOfHotels list : 144
2023-07-25 21:18:58 DEBUG ObjectsEntity:28 - INIT OF BD IS COMPLETED
2023-07-25 21:20:25 DEBUG ObjectsEntity:119 - created ServerToMl list : 107
2023-07-25 21:20:25 DEBUG ObjectsEntity:79 - created listOfHotels list : 144
2023-07-25 21:20:25 DEBUG ObjectsEntity:28 - INIT OF BD IS COMPLETED
2023-07-25 21:23:06 DEBUG ObjectsEntity:119 - created ServerToMl list : 107
2023-07-25 21:23:06 DEBUG ObjectsEntity:79 - created listOfHotels list : 144
2023-07-25 21:23:06 DEBUG ObjectsEntity:28 - INIT OF BD IS COMPLETED
2023-07-25 21:23:59 DEBUG ObjectsEntity:119 - created ServerToMl list : 107
2023-07-25 21:23:59 DEBUG ObjectsEntity:79 - created listOfHotels list : 144
2023-07-25 21:23:59 DEBUG ObjectsEntity:28 - INIT OF BD IS COMPLETED
2023-07-25 21:25:48 DEBUG ObjectsEntity:119 - created ServerToMl list : 107
2023-07-25 21:25:48 DEBUG ObjectsEntity:79 - created listOfHotels list : 144
2023-07-25 21:25:48 DEBUG ObjectsEntity:28 - INIT OF BD IS COMPLETED
2023-07-25 21:27:37 DEBUG ObjectsEntity:119 - created ServerToMl list : 107
2023-07-25 21:27:37 DEBUG ObjectsEntity:79 - created listOfHotels list : 144
2023-07-25 21:27:37 DEBUG ObjectsEntity:28 - INIT OF BD IS COMPLETED
2023-07-25 21:34:22 DEBUG ObjectsEntity:119 - created ServerToMl list : 107
2023-07-25 21:34:22 DEBUG ObjectsEntity:79 - created listOfHotels list : 144
2023-07-25 21:34:22 DEBUG ObjectsEntity:28 - INIT OF BD IS COMPLETED
2023-07-25 21:38:46 DEBUG ObjectsEntity:119 - created ServerToMl list : 107
2023-07-25 21:38:46 DEBUG ObjectsEntity:79 - created listOfHotels list : 144
2023-07-25 21:38:46 DEBUG ObjectsEntity:28 - INIT OF BD IS COMPLETED
2023-08-08 16:56:44 ERROR ObjectsEntity:126 - INIT BD FAILED Server2ml WITH PATH : ../../../common-jpa/src/main/java/ru/relex/csv/touristObjects.csv
2023-08-08 16:56:44 ERROR ObjectsEntity:86 - INIT BD FAILED LIST OF HOTELS WITH PATH : ../../../common-jpa/src/main/java/ru/relex/csv/hotels.csv
2023-08-08 16:56:44 ERROR ObjectsEntity:65 - INIT BD FAILED LIST OF HOTELS WITH PATH : ../../../common-jpa/src/main/java/ru/relex/csv/cafes.csv
